
   ____    __
  / __/___/ /  ___
 / _// __/ _ \/ _ \
/___/\__/_//_/\___/ v3.2.3
High performance, minimalist Go web framework
https://echo.labstack.com
____________________________________O/_______
                                    O\
⇨ http server started on [::]:1323
method=GET, uri=/fcm-api/v2/node/alarm/rules, status=404
method=GET, uri=/fcm-api/v2/node/alarm/rules, status=404

   ____    __
  / __/___/ /  ___
 / _// __/ _ \/ _ \
/___/\__/_//_/\___/ v3.2.3
High performance, minimalist Go web framework
https://echo.labstack.com
____________________________________O/_______
                                    O\
⇨ http server started on [::]:1323
method=GET, uri=/api/v1/admin/common/cacheGroups, status=404
method=GET, uri=/api/v1/admin/common/cacheGroups, status=404
method=GET, uri=/v2/v1/rule/all, status=404
method=GET, uri=/fcm-api/v2/node/alarm/rules, status=404
method=GET, uri=/alarm/v1/rule/all, status=200

   ____    __
  / __/___/ /  ___
 / _// __/ _ \/ _ \
/___/\__/_//_/\___/ v3.2.3
High performance, minimalist Go web framework
https://echo.labstack.com
____________________________________O/_______
                                    O\
⇨ http server started on [::]:1323
method=GET, uri=/alarm/v1/rule/all, status=200

   ____    __
  / __/___/ /  ___
 / _// __/ _ \/ _ \
/___/\__/_//_/\___/ v3.2.3
High performance, minimalist Go web framework
https://echo.labstack.com
____________________________________O/_______
                                    O\
⇨ http server started on [::]:1323

   ____    __
  / __/___/ /  ___
 / _// __/ _ \/ _ \
/___/\__/_//_/\___/ v3.2.3
High performance, minimalist Go web framework
https://echo.labstack.com
____________________________________O/_______
                                    O\
⇨ http server started on [::]:1323

   ____    __
  / __/___/ /  ___
 / _// __/ _ \/ _ \
/___/\__/_//_/\___/ v3.2.3
High performance, minimalist Go web framework
https://echo.labstack.com
____________________________________O/_______
                                    O\
⇨ http server started on [::]:1323

   ____    __
  / __/___/ /  ___
 / _// __/ _ \/ _ \
/___/\__/_//_/\___/ v3.2.3
High performance, minimalist Go web framework
https://echo.labstack.com
____________________________________O/_______
                                    O\
⇨ http server started on [::]:1323

   ____    __
  / __/___/ /  ___
 / _// __/ _ \/ _ \
/___/\__/_//_/\___/ v3.2.3
High performance, minimalist Go web framework
https://echo.labstack.com
____________________________________O/_______
                                    O\
⇨ http server started on [::]:1323

   ____    __
  / __/___/ /  ___
 / _// __/ _ \/ _ \
/___/\__/_//_/\___/ v3.2.3
High performance, minimalist Go web framework
https://echo.labstack.com
____________________________________O/_______
                                    O\
⇨ http server started on [::]:1323

   ____    __
  / __/___/ /  ___
 / _// __/ _ \/ _ \
/___/\__/_//_/\___/ v3.2.3
High performance, minimalist Go web framework
https://echo.labstack.com
____________________________________O/_______
                                    O\
⇨ http server started on [::]:1323

   ____    __
  / __/___/ /  ___
 / _// __/ _ \/ _ \
/___/\__/_//_/\___/ v3.2.3
High performance, minimalist Go web framework
https://echo.labstack.com
____________________________________O/_______
                                    O\
⇨ http server started on [::]:1323

   ____    __
  / __/___/ /  ___
 / _// __/ _ \/ _ \
/___/\__/_//_/\___/ v3.2.3
High performance, minimalist Go web framework
https://echo.labstack.com
____________________________________O/_______
                                    O\
⇨ http server started on [::]:1323

   ____    __
  / __/___/ /  ___
 / _// __/ _ \/ _ \
/___/\__/_//_/\___/ v3.2.3
High performance, minimalist Go web framework
https://echo.labstack.com
____________________________________O/_______
                                    O\
⇨ http server started on [::]:1323

   ____    __
  / __/___/ /  ___
 / _// __/ _ \/ _ \
/___/\__/_//_/\___/ v3.2.3
High performance, minimalist Go web framework
https://echo.labstack.com
____________________________________O/_______
                                    O\
⇨ http server started on [::]:1323

   ____    __
  / __/___/ /  ___
 / _// __/ _ \/ _ \
/___/\__/_//_/\___/ v3.2.3
High performance, minimalist Go web framework
https://echo.labstack.com
____________________________________O/_______
                                    O\
⇨ http server started on [::]:1323

   ____    __
  / __/___/ /  ___
 / _// __/ _ \/ _ \
/___/\__/_//_/\___/ v3.2.3
High performance, minimalist Go web framework
https://echo.labstack.com
____________________________________O/_______
                                    O\
⇨ http server started on [::]:1323
method=GET, uri=/alarm/v1/rule/all, status=200

   ____    __
  / __/___/ /  ___
 / _// __/ _ \/ _ \
/___/\__/_//_/\___/ v3.2.3
High performance, minimalist Go web framework
https://echo.labstack.com
____________________________________O/_______
                                    O\
⇨ http server started on [::]:1323
method=GET, uri=/alarm/v1/rule/all, status=200
method=GET, uri=/alarm/v1/rule/all, status=200

   ____    __
  / __/___/ /  ___
 / _// __/ _ \/ _ \
/___/\__/_//_/\___/ v3.2.3
High performance, minimalist Go web framework
https://echo.labstack.com
____________________________________O/_______
                                    O\
⇨ http server started on [::]:1323
method=GET, uri=/api/proxy/cdnboss/alarm/v1/rule/all, status=404

   ____    __
  / __/___/ /  ___
 / _// __/ _ \/ _ \
/___/\__/_//_/\___/ v3.2.3
High performance, minimalist Go web framework
https://echo.labstack.com
____________________________________O/_______
                                    O\
⇨ http server started on [::]:1323
method=GET, uri=/api/proxy/cdnboss/alarm/v1/rule/all, status=404
method=GET, uri=/api/proxy/cdnboss/alarm/v1/rule/all, status=404

   ____    __
  / __/___/ /  ___
 / _// __/ _ \/ _ \
/___/\__/_//_/\___/ v3.2.3
High performance, minimalist Go web framework
https://echo.labstack.com
____________________________________O/_______
                                    O\
⇨ http server started on [::]:1323

   ____    __
  / __/___/ /  ___
 / _// __/ _ \/ _ \
/___/\__/_//_/\___/ v3.2.3
High performance, minimalist Go web framework
https://echo.labstack.com
____________________________________O/_______
                                    O\
⇨ http server started on [::]:1323
method=GET, uri=/api/proxy/cdnboss/alarm/v1/rule/all, status=200

   ____    __
  / __/___/ /  ___
 / _// __/ _ \/ _ \
/___/\__/_//_/\___/ v3.2.3
High performance, minimalist Go web framework
https://echo.labstack.com
____________________________________O/_______
                                    O\
⇨ http server started on [::]:1323
method=GET, uri=/api/proxy/cdnboss/alarm/v1/rule/all, status=200
method=GET, uri=/api/proxy/cdnboss/alarm/v1/rule/all, status=200
method=GET, uri=/api/proxy/cdnboss/alarm/v1/rule/all, status=200
method=GET, uri=/api/proxy/cdnboss/alarm/v1/rule/all, status=200
method=GET, uri=/api/proxy/cdnboss/alarm/v1/rule/all, status=200

   ____    __
  / __/___/ /  ___
 / _// __/ _ \/ _ \
/___/\__/_//_/\___/ v3.2.3
High performance, minimalist Go web framework
https://echo.labstack.com
____________________________________O/_______
                                    O\
⇨ http server started on [::]:1323
method=GET, uri=/api/proxy/cdnboss/alarm/v1/rule/all, status=404
method=GET, uri=/alarm/v1/rule/all, status=200

   ____    __
  / __/___/ /  ___
 / _// __/ _ \/ _ \
/___/\__/_//_/\___/ v3.2.3
High performance, minimalist Go web framework
https://echo.labstack.com
____________________________________O/_______
                                    O\
⇨ http server started on [::]:1323
method=GET, uri=/alarm/v1/rule/all, status=200
method=GET, uri=/api/v1/admin/common/cacheGroups, status=200

   ____    __
  / __/___/ /  ___
 / _// __/ _ \/ _ \
/___/\__/_//_/\___/ v3.2.3
High performance, minimalist Go web framework
https://echo.labstack.com
____________________________________O/_______
                                    O\
⇨ http server started on [::]:1323
method=GET, uri=/api/v1/admin/common/cacheGroups, status=200
method=GET, uri=/api/v1/admin/common/cacheGroups, status=200

   ____    __
  / __/___/ /  ___
 / _// __/ _ \/ _ \
/___/\__/_//_/\___/ v3.2.3
High performance, minimalist Go web framework
https://echo.labstack.com
____________________________________O/_______
                                    O\
⇨ http server started on [::]:1323
method=GET, uri=/api/v1/admin/common/cacheGroups, status=200
method=GET, uri=/api/v1/admin/common/cacheGroups, status=200

   ____    __
  / __/___/ /  ___
 / _// __/ _ \/ _ \
/___/\__/_//_/\___/ v3.2.3
High performance, minimalist Go web framework
https://echo.labstack.com
____________________________________O/_______
                                    O\
⇨ http server started on [::]:1323
method=GET, uri=/api/v1/admin/common/cacheGroups, status=200
method=GET, uri=/alarm/v1/rule/all, status=200
method=GET, uri=/alarm/v1/rule/all, status=200

   ____    __
  / __/___/ /  ___
 / _// __/ _ \/ _ \
/___/\__/_//_/\___/ v3.2.3
High performance, minimalist Go web framework
https://echo.labstack.com
____________________________________O/_______
                                    O\
⇨ http server started on [::]:1323
method=GET, uri=/alarm/v1/rule/all, status=404

   ____    __
  / __/___/ /  ___
 / _// __/ _ \/ _ \
/___/\__/_//_/\___/ v3.2.3
High performance, minimalist Go web framework
https://echo.labstack.com
____________________________________O/_______
                                    O\
⇨ http server started on [::]:1323
method=GET, uri=/alarm/v1/rule/all, status=200

   ____    __
  / __/___/ /  ___
 / _// __/ _ \/ _ \
/___/\__/_//_/\___/ v3.2.3
High performance, minimalist Go web framework
https://echo.labstack.com
____________________________________O/_______
                                    O\
⇨ http server started on [::]:1323
method=GET, uri=/alarm/v1/rule/all, status=200
method=GET, uri=/alarm/v1/rule/all, status=200
method=GET, uri=/alarm/v1/rule/all, status=200
method=GET, uri=/alarm/user, status=404
method=GET, uri=/alarm/user, status=404
method=GET, uri=/alarm/user, status=404
method=GET, uri=/alarm/user, status=404
method=GET, uri=/alarm/user, status=404

   ____    __
  / __/___/ /  ___
 / _// __/ _ \/ _ \
/___/\__/_//_/\___/ v3.2.3
High performance, minimalist Go web framework
https://echo.labstack.com
____________________________________O/_______
                                    O\
⇨ http server started on [::]:1323
method=GET, uri=/alarm/user, status=200
method=GET, uri=/alarm/user, status=200

   ____    __
  / __/___/ /  ___
 / _// __/ _ \/ _ \
/___/\__/_//_/\___/ v3.2.3
High performance, minimalist Go web framework
https://echo.labstack.com
____________________________________O/_______
                                    O\
⇨ http server started on [::]:1323
method=GET, uri=/alarm/user, status=200

   ____    __
  / __/___/ /  ___
 / _// __/ _ \/ _ \
/___/\__/_//_/\___/ v3.2.3
High performance, minimalist Go web framework
https://echo.labstack.com
____________________________________O/_______
                                    O\
⇨ http server started on [::]:1323
method=GET, uri=/alarm/user, status=200
method=GET, uri=/alarm/user, status=200

   ____    __
  / __/___/ /  ___
 / _// __/ _ \/ _ \
/___/\__/_//_/\___/ v3.2.3
High performance, minimalist Go web framework
https://echo.labstack.com
____________________________________O/_______
                                    O\
⇨ http server started on [::]:1323

   ____    __
  / __/___/ /  ___
 / _// __/ _ \/ _ \
/___/\__/_//_/\___/ v3.2.3
High performance, minimalist Go web framework
https://echo.labstack.com
____________________________________O/_______
                                    O\
⇨ http server started on [::]:1323
method=GET, uri=/alarm/user, status=200
method=GET, uri=/alarm/user, status=200
method=GET, uri=/alarm/user, status=200

   ____    __
  / __/___/ /  ___
 / _// __/ _ \/ _ \
/___/\__/_//_/\___/ v3.2.3
High performance, minimalist Go web framework
https://echo.labstack.com
____________________________________O/_______
                                    O\
⇨ http server started on [::]:1323
method=GET, uri=/alarm/user, status=404
method=GET, uri=/alarm/test, status=200

   ____    __
  / __/___/ /  ___
 / _// __/ _ \/ _ \
/___/\__/_//_/\___/ v3.2.3
High performance, minimalist Go web framework
https://echo.labstack.com
____________________________________O/_______
                                    O\
⇨ http server started on [::]:1323

   ____    __
  / __/___/ /  ___
 / _// __/ _ \/ _ \
/___/\__/_//_/\___/ v3.2.3
High performance, minimalist Go web framework
https://echo.labstack.com
____________________________________O/_______
                                    O\
⇨ http server started on [::]:1323

   ____    __
  / __/___/ /  ___
 / _// __/ _ \/ _ \
/___/\__/_//_/\___/ v3.2.3
High performance, minimalist Go web framework
https://echo.labstack.com
____________________________________O/_______
                                    O\
⇨ http server started on [::]:1323

   ____    __
  / __/___/ /  ___
 / _// __/ _ \/ _ \
/___/\__/_//_/\___/ v3.2.3
High performance, minimalist Go web framework
https://echo.labstack.com
____________________________________O/_______
                                    O\
⇨ http server started on [::]:1323
method=GET, uri=/alarm/test, status=200

   ____    __
  / __/___/ /  ___
 / _// __/ _ \/ _ \
/___/\__/_//_/\___/ v3.2.3
High performance, minimalist Go web framework
https://echo.labstack.com
____________________________________O/_______
                                    O\
⇨ http server started on [::]:1323

   ____    __
  / __/___/ /  ___
 / _// __/ _ \/ _ \
/___/\__/_//_/\___/ v3.2.3
High performance, minimalist Go web framework
https://echo.labstack.com
____________________________________O/_______
                                    O\
⇨ http server started on [::]:1323

   ____    __
  / __/___/ /  ___
 / _// __/ _ \/ _ \
/___/\__/_//_/\___/ v3.2.3
High performance, minimalist Go web framework
https://echo.labstack.com
____________________________________O/_______
                                    O\
⇨ http server started on [::]:1323

   ____    __
  / __/___/ /  ___
 / _// __/ _ \/ _ \
/___/\__/_//_/\___/ v3.2.3
High performance, minimalist Go web framework
https://echo.labstack.com
____________________________________O/_______
                                    O\
⇨ http server started on [::]:1323

   ____    __
  / __/___/ /  ___
 / _// __/ _ \/ _ \
/___/\__/_//_/\___/ v3.2.3
High performance, minimalist Go web framework
https://echo.labstack.com
____________________________________O/_______
                                    O\
⇨ http server started on [::]:1323

   ____    __
  / __/___/ /  ___
 / _// __/ _ \/ _ \
/___/\__/_//_/\___/ v3.2.3
High performance, minimalist Go web framework
https://echo.labstack.com
____________________________________O/_______
                                    O\
⇨ http server started on [::]:1323

   ____    __
  / __/___/ /  ___
 / _// __/ _ \/ _ \
/___/\__/_//_/\___/ v3.2.3
High performance, minimalist Go web framework
https://echo.labstack.com
____________________________________O/_______
                                    O\
⇨ http server started on [::]:1323

   ____    __
  / __/___/ /  ___
 / _// __/ _ \/ _ \
/___/\__/_//_/\___/ v3.2.3
High performance, minimalist Go web framework
https://echo.labstack.com
____________________________________O/_______
                                    O\
⇨ http server started on [::]:1323

   ____    __
  / __/___/ /  ___
 / _// __/ _ \/ _ \
/___/\__/_//_/\___/ v3.2.3
High performance, minimalist Go web framework
https://echo.labstack.com
____________________________________O/_______
                                    O\
⇨ http server started on [::]:1323
method=GET, uri=/ck, status=502

   ____    __
  / __/___/ /  ___
 / _// __/ _ \/ _ \
/___/\__/_//_/\___/ v3.2.3
High performance, minimalist Go web framework
https://echo.labstack.com
____________________________________O/_______
                                    O\
⇨ http server started on [::]:1323

   ____    __
  / __/___/ /  ___
 / _// __/ _ \/ _ \
/___/\__/_//_/\___/ v3.2.3
High performance, minimalist Go web framework
https://echo.labstack.com
____________________________________O/_______
                                    O\
⇨ http server started on [::]:1323
method=GET, uri=/ck, status=502
method=GET, uri=/ck, status=502
method=GET, uri=/ck, status=502
method=GET, uri=/ck, status=502
method=GET, uri=/ck, status=502
method=GET, uri=/ck, status=502
method=GET, uri=/ck, status=502
method=GET, uri=/ck, status=502

   ____    __
  / __/___/ /  ___
 / _// __/ _ \/ _ \
/___/\__/_//_/\___/ v3.2.3
High performance, minimalist Go web framework
https://echo.labstack.com
____________________________________O/_______
                                    O\
⇨ http server started on [::]:1323
method=GET, uri=/ck, status=502
method=GET, uri=/ck, status=502
method=GET, uri=/ck, status=502
method=GET, uri=/ck, status=502
method=GET, uri=/ck, status=502
method=GET, uri=/ck, status=502
method=GET, uri=/ck, status=502
method=GET, uri=/ck, status=502
method=GET, uri=/ck, status=502
method=GET, uri=/ck, status=502
method=GET, uri=/ck, status=502
method=GET, uri=/ck, status=502
method=GET, uri=/ck, status=502
method=GET, uri=/ck, status=502
method=GET, uri=/ck, status=502
method=GET, uri=/ck, status=502
method=GET, uri=/ck, status=502
method=GET, uri=/ck, status=502
method=GET, uri=/ck, status=502
method=GET, uri=/ck, status=502
method=GET, uri=/ck, status=502
method=GET, uri=/ck, status=502
method=GET, uri=/ck, status=502
method=GET, uri=/ck, status=502
method=GET, uri=/ck, status=502
method=GET, uri=/ck, status=502
method=GET, uri=/ck, status=502
method=GET, uri=/ck, status=502
method=GET, uri=/ck, status=502
method=GET, uri=/ck, status=502
method=GET, uri=/ck, status=502
method=GET, uri=/ck, status=502
method=GET, uri=/ck, status=502
method=GET, uri=/ck, status=502
method=GET, uri=/ck, status=502
method=GET, uri=/ck, status=502
method=GET, uri=/ck, status=502
method=GET, uri=/ck, status=502
method=GET, uri=/ck, status=502
method=GET, uri=/ck, status=502
method=GET, uri=/ck, status=502
method=GET, uri=/ck, status=502
method=GET, uri=/ck, status=502
method=GET, uri=/ck, status=502
method=GET, uri=/ck, status=502
method=GET, uri=/ck, status=502
method=GET, uri=/ck, status=502
method=GET, uri=/ck, status=502
method=GET, uri=/ck, status=502
method=GET, uri=/ck, status=502
method=GET, uri=/ck, status=502
method=GET, uri=/ck, status=502
method=GET, uri=/ck, status=502

   ____    __
  / __/___/ /  ___
 / _// __/ _ \/ _ \
/___/\__/_//_/\___/ v3.2.3
High performance, minimalist Go web framework
https://echo.labstack.com
____________________________________O/_______
                                    O\
⇨ http server started on [::]:1323
method=GET, uri=/ck, status=502

   ____    __
  / __/___/ /  ___
 / _// __/ _ \/ _ \
/___/\__/_//_/\___/ v3.2.3
High performance, minimalist Go web framework
https://echo.labstack.com
____________________________________O/_______
                                    O\
⇨ http server started on [::]:1323
method=GET, uri=/ck, status=502

   ____    __
  / __/___/ /  ___
 / _// __/ _ \/ _ \
/___/\__/_//_/\___/ v3.2.3
High performance, minimalist Go web framework
https://echo.labstack.com
____________________________________O/_______
                                    O\
⇨ http server started on [::]:1323
method=GET, uri=/ck, status=502
method=GET, uri=/ck, status=502
method=GET, uri=/ck, status=502
method=GET, uri=/ck, status=502

   ____    __
  / __/___/ /  ___
 / _// __/ _ \/ _ \
/___/\__/_//_/\___/ v3.2.3
High performance, minimalist Go web framework
https://echo.labstack.com
____________________________________O/_______
                                    O\
⇨ http server started on [::]:1323
method=GET, uri=/ck, status=502

   ____    __
  / __/___/ /  ___
 / _// __/ _ \/ _ \
/___/\__/_//_/\___/ v3.2.3
High performance, minimalist Go web framework
https://echo.labstack.com
____________________________________O/_______
                                    O\
⇨ http server started on [::]:1323
method=GET, uri=/ck, status=502
method=GET, uri=/ck, status=404

   ____    __
  / __/___/ /  ___
 / _// __/ _ \/ _ \
/___/\__/_//_/\___/ v3.2.3
High performance, minimalist Go web framework
https://echo.labstack.com
____________________________________O/_______
                                    O\
⇨ http server started on [::]:1323
method=GET, uri=/ck, status=502
method=GET, uri=/ck, status=502

   ____    __
  / __/___/ /  ___
 / _// __/ _ \/ _ \
/___/\__/_//_/\___/ v3.2.3
High performance, minimalist Go web framework
https://echo.labstack.com
____________________________________O/_______
                                    O\
⇨ http server started on [::]:1323
method=GET, uri=/ck, status=502
method=GET, uri=/ck, status=502
method=GET, uri=/ck, status=502
method=GET, uri=/ck, status=502

   ____    __
  / __/___/ /  ___
 / _// __/ _ \/ _ \
/___/\__/_//_/\___/ v3.2.3
High performance, minimalist Go web framework
https://echo.labstack.com
____________________________________O/_______
                                    O\
⇨ http server started on [::]:1323
method=GET, uri=/ck, status=502
method=GET, uri=/ck, status=502
method=GET, uri=/ck, status=502
method=GET, uri=/ck, status=502
method=GET, uri=/ck, status=502
method=GET, uri=/ck, status=502
method=GET, uri=/ck, status=502
method=GET, uri=/ck, status=502
method=GET, uri=/ck, status=502
method=GET, uri=/ck, status=502
method=GET, uri=/ck, status=502
method=GET, uri=/ck, status=502
method=GET, uri=/ck, status=502
method=GET, uri=/ck, status=502
method=GET, uri=/ck, status=502
method=GET, uri=/ck, status=502
method=GET, uri=/ck, status=502
method=GET, uri=/ck, status=502
method=GET, uri=/ck, status=502
method=GET, uri=/ck, status=502
method=GET, uri=/ck, status=502
method=GET, uri=/ck, status=502
method=GET, uri=/ck, status=502

   ____    __
  / __/___/ /  ___
 / _// __/ _ \/ _ \
/___/\__/_//_/\___/ v3.2.3
High performance, minimalist Go web framework
https://echo.labstack.com
____________________________________O/_______
                                    O\
⇨ http server started on [::]:1323
method=GET, uri=/ck, status=502
method=GET, uri=/ck, status=502
method=GET, uri=/ck, status=502
method=GET, uri=/ck, status=502
method=GET, uri=/ck, status=502
method=GET, uri=/, status=502
method=GET, uri=/, status=502
method=GET, uri=/ck, status=502
method=GET, uri=/ck, status=502
method=GET, uri=/ck, status=502
method=GET, uri=/ck, status=502

   ____    __
  / __/___/ /  ___
 / _// __/ _ \/ _ \
/___/\__/_//_/\___/ v3.2.3
High performance, minimalist Go web framework
https://echo.labstack.com
____________________________________O/_______
                                    O\
⇨ http server started on [::]:1323
method=GET, uri=/ck, status=502
method=GET, uri=/ck, status=502
method=GET, uri=/ck, status=502
method=GET, uri=/ck, status=502
method=GET, uri=/ck, status=502
method=GET, uri=/ck, status=502
method=GET, uri=/ck, status=502

   ____    __
  / __/___/ /  ___
 / _// __/ _ \/ _ \
/___/\__/_//_/\___/ v3.2.3
High performance, minimalist Go web framework
https://echo.labstack.com
____________________________________O/_______
                                    O\
⇨ http server started on [::]:1323
method=GET, uri=/ck, status=502
method=GET, uri=/ck, status=502

   ____    __
  / __/___/ /  ___
 / _// __/ _ \/ _ \
/___/\__/_//_/\___/ v3.2.3
High performance, minimalist Go web framework
https://echo.labstack.com
____________________________________O/_______
                                    O\
⇨ http server started on [::]:1323
method=GET, uri=/ck, status=502
method=GET, uri=/api/v1/admin/dispatch/lines, status=502
method=GET, uri=/ck, status=502
method=GET, uri=/api/v1/admin/dispatch/lines, status=502
method=GET, uri=/api/v1/admin/dispatch/lines, status=502
method=GET, uri=/api/v1/admin/dispatch/lines, status=200
method=GET, uri=/api/v1/admin/dispatch/lines, status=502
method=GET, uri=/api/v1/admin/dispatch/lines, status=200
method=GET, uri=/api/v1/admin/dispatch/lines, status=502
method=GET, uri=/api/v1/admin/dispatch/lines, status=200
method=GET, uri=/api/v1/admin/dispatch/lines, status=502
method=GET, uri=/api/v1/admin/dispatch/lines, status=200

   ____    __
  / __/___/ /  ___
 / _// __/ _ \/ _ \
/___/\__/_//_/\___/ v3.2.3
High performance, minimalist Go web framework
https://echo.labstack.com
____________________________________O/_______
                                    O\
⇨ http server started on [::]:1323
method=GET, uri=/api/v1/admin/dispatch/lines, status=502
method=GET, uri=/api/v1/admin/dispatch/lines, status=200
method=GET, uri=/api/v1/admin/dispatch/lines, status=502
method=GET, uri=/api/v1/admin/dispatch/lines, status=200
method=GET, uri=/api/v1/admin/dispatch/lines, status=502
method=GET, uri=/api/v1/admin/dispatch/lines, status=200
method=GET, uri=/api/v1/admin/dispatch/lines, status=502
method=GET, uri=/api/v1/admin/dispatch/lines, status=200
method=GET, uri=/api/v1/admin/dispatch/lines, status=502
method=GET, uri=/api/v1/admin/dispatch/lines, status=200

   ____    __
  / __/___/ /  ___
 / _// __/ _ \/ _ \
/___/\__/_//_/\___/ v3.2.3
High performance, minimalist Go web framework
https://echo.labstack.com
____________________________________O/_______
                                    O\
⇨ http server started on [::]:1323

   ____    __
  / __/___/ /  ___
 / _// __/ _ \/ _ \
/___/\__/_//_/\___/ v3.2.3
High performance, minimalist Go web framework
https://echo.labstack.com
____________________________________O/_______
                                    O\
⇨ http server started on [::]:1323
method=GET, uri=/api/v1/admin/dispatch/lines, status=200
method=GET, uri=/api/v1/admin/dispatch/lines, status=200
method=GET, uri=/api/v1/admin/dispatch/lines, status=200
method=GET, uri=/api/v1/admin/dispatch/lines, status=200
method=GET, uri=/api/v1/admin/dispatch/lines, status=200
method=GET, uri=/api/v1/admin/dispatch/lines, status=200
method=GET, uri=/api/v1/admin/dispatch/lines, status=502
method=GET, uri=/api/v1/admin/dispatch/lines, status=200
method=GET, uri=/api/v1/admin/dispatch/lines, status=502
method=GET, uri=/api/v1/admin/dispatch/lines, status=502
method=GET, uri=/api/v1/admin/dispatch/lines, status=502
method=GET, uri=/api/v1/admin/dispatch/lines, status=502
method=GET, uri=/api/v1/admin/dispatch/lines, status=502
method=GET, uri=/api/v1/admin/dispatch/lines, status=200
method=GET, uri=/api/v1/admin/dispatch/lines, status=200
method=GET, uri=/api/v1/admin/dispatch/lines, status=502
method=GET, uri=/api/v1/admin/dispatch/lines, status=200

   ____    __
  / __/___/ /  ___
 / _// __/ _ \/ _ \
/___/\__/_//_/\___/ v3.2.3
High performance, minimalist Go web framework
https://echo.labstack.com
____________________________________O/_______
                                    O\
⇨ http server started on [::]:1323
method=GET, uri=/api/v1/admin/dispatch/lines, status=502
method=GET, uri=/api/v1/admin/dispatch/lines, status=200
method=GET, uri=/api/v1/admin/dispatch/lines, status=502
method=GET, uri=/api/v1/admin/dispatch/lines, status=200
method=GET, uri=/api/v1/admin/dispatch/lines, status=502
method=GET, uri=/api/v1/admin/dispatch/lines, status=200
method=GET, uri=/api/v1/admin/dispatch/lines, status=502
method=GET, uri=/api/v1/admin/dispatch/lines, status=200
method=GET, uri=/api/v1/admin/dispatch/lines, status=502
method=GET, uri=/api/v1/admin/dispatch/lines, status=200
method=GET, uri=/api/v1/admin/dispatch/lines, status=502
method=GET, uri=/api/v1/admin/dispatch/lines, status=200
method=GET, uri=/api/v1/admin/dispatch/lines, status=502
method=GET, uri=/api/v1/admin/dispatch/lines, status=200
method=GET, uri=/api/v1/admin/dispatch/lines, status=502
method=GET, uri=/api/v1/admin/dispatch/lines, status=200
method=GET, uri=/api/v1/admin/dispatch/lines, status=502
method=GET, uri=/api/v1/admin/dispatch/lines, status=200
method=GET, uri=/api/v1/admin/dispatch/lines, status=502
method=GET, uri=/api/v1/admin/dispatch/lines, status=200
method=GET, uri=/api/v1/admin/dispatch/lines, status=502
method=GET, uri=/api/v1/admin/dispatch/lines, status=200
method=GET, uri=/api/v1/admin/dispatch/lines, status=502
method=GET, uri=/api/v1/admin/dispatch/lines, status=200
method=GET, uri=/api/v1/admin/dispatch/lines, status=502
method=GET, uri=/api/v1/admin/dispatch/lines, status=200
method=GET, uri=/api/v1/admin/dispatch/lines, status=502
method=GET, uri=/api/v1/admin/dispatch/lines, status=200

   ____    __
  / __/___/ /  ___
 / _// __/ _ \/ _ \
/___/\__/_//_/\___/ v3.2.3
High performance, minimalist Go web framework
https://echo.labstack.com
____________________________________O/_______
                                    O\
⇨ http server started on [::]:1323
method=GET, uri=/api/v1/admin/dispatch/lines, status=502
method=GET, uri=/api/v1/admin/dispatch/lines, status=200
method=GET, uri=/api/v1/admin/dispatch/lines, status=502
method=GET, uri=/api/v1/admin/dispatch/lines, status=200
method=GET, uri=/api/v1/admin/dispatch/lines, status=502

   ____    __
  / __/___/ /  ___
 / _// __/ _ \/ _ \
/___/\__/_//_/\___/ v3.2.3
High performance, minimalist Go web framework
https://echo.labstack.com
____________________________________O/_______
                                    O\
⇨ http server started on [::]:1323

   ____    __
  / __/___/ /  ___
 / _// __/ _ \/ _ \
/___/\__/_//_/\___/ v3.2.3
High performance, minimalist Go web framework
https://echo.labstack.com
____________________________________O/_______
                                    O\
⇨ http server started on [::]:1323

   ____    __
  / __/___/ /  ___
 / _// __/ _ \/ _ \
/___/\__/_//_/\___/ v3.2.3
High performance, minimalist Go web framework
https://echo.labstack.com
____________________________________O/_______
                                    O\
⇨ http server started on [::]:1323
method=GET, uri=/api/v1/admin/dispatch/lines, status=200
method=GET, uri=/api/v1/admin/dispatch/lines, status=200
method=GET, uri=/alarm/user, status=404
method=GET, uri=/v1/rule/all, status=404
method=GET, uri=/alarm/v1/rule/all, status=404

   ____    __
  / __/___/ /  ___
 / _// __/ _ \/ _ \
/___/\__/_//_/\___/ v3.2.3
High performance, minimalist Go web framework
https://echo.labstack.com
____________________________________O/_______
                                    O\
⇨ http server started on [::]:1323
method=GET, uri=/alarm/v1/rule/all, status=404
method=GET, uri=/alarm/v1/rule/all, status=404
method=GET, uri=/alarm/v1/rule/all, status=404
method=GET, uri=/alarm/v1/rule/all, status=404

   ____    __
  / __/___/ /  ___
 / _// __/ _ \/ _ \
/___/\__/_//_/\___/ v3.2.3
High performance, minimalist Go web framework
https://echo.labstack.com
____________________________________O/_______
                                    O\
⇨ http server started on [::]:1323
method=GET, uri=/alarm/v1/rule/all, status=404

   ____    __
  / __/___/ /  ___
 / _// __/ _ \/ _ \
/___/\__/_//_/\___/ v3.2.3
High performance, minimalist Go web framework
https://echo.labstack.com
____________________________________O/_______
                                    O\
⇨ http server started on [::]:1323
method=GET, uri=/alarm/v1/rule/all, status=404
method=GET, uri=/alarm/v1/rule/all, status=404
method=GET, uri=/alarm/v1/rule/all, status=404

   ____    __
  / __/___/ /  ___
 / _// __/ _ \/ _ \
/___/\__/_//_/\___/ v3.2.3
High performance, minimalist Go web framework
https://echo.labstack.com
____________________________________O/_______
                                    O\
⇨ http server started on [::]:1323
method=GET, uri=/alarm/v1/rule/all, status=404
method=GET, uri=/alarm/v1/rule/all, status=404
method=GET, uri=/alarm/v1/rule/all, status=404
method=GET, uri=/alarm/v1/rule/all, status=404
method=GET, uri=/alarm/v1/rule/all, status=404

   ____    __
  / __/___/ /  ___
 / _// __/ _ \/ _ \
/___/\__/_//_/\___/ v3.2.3
High performance, minimalist Go web framework
https://echo.labstack.com
____________________________________O/_______
                                    O\
⇨ http server started on [::]:1323
method=GET, uri=/v1/rule/all, status=404

   ____    __
  / __/___/ /  ___
 / _// __/ _ \/ _ \
/___/\__/_//_/\___/ v3.2.3
High performance, minimalist Go web framework
https://echo.labstack.com
____________________________________O/_______
                                    O\
⇨ http server started on [::]:1323
method=GET, uri=/v1/rule/all, status=404
method=GET, uri=/v1/rule/all, status=404
method=GET, uri=/v1/rule/all, status=404
method=GET, uri=/v1/rule/all, status=404
method=GET, uri=/v1/rule/all, status=404
method=GET, uri=/v1/rule/all, status=404
method=GET, uri=/v1/rule/all, status=404

   ____    __
  / __/___/ /  ___
 / _// __/ _ \/ _ \
/___/\__/_//_/\___/ v3.2.3
High performance, minimalist Go web framework
https://echo.labstack.com
____________________________________O/_______
                                    O\
⇨ http server started on [::]:1323
method=GET, uri=/v1/rule/all, status=404

   ____    __
  / __/___/ /  ___
 / _// __/ _ \/ _ \
/___/\__/_//_/\___/ v3.2.3
High performance, minimalist Go web framework
https://echo.labstack.com
____________________________________O/_______
                                    O\
⇨ http server started on [::]:1323
method=GET, uri=/v1/rule/all, status=404
method=GET, uri=/v1/rule/all, status=404

   ____    __
  / __/___/ /  ___
 / _// __/ _ \/ _ \
/___/\__/_//_/\___/ v3.2.3
High performance, minimalist Go web framework
https://echo.labstack.com
____________________________________O/_______
                                    O\
⇨ http server started on [::]:1323
method=GET, uri=/v1/rule/all, status=404
method=GET, uri=/v1/rule/all, status=404

   ____    __
  / __/___/ /  ___
 / _// __/ _ \/ _ \
/___/\__/_//_/\___/ v3.2.3
High performance, minimalist Go web framework
https://echo.labstack.com
____________________________________O/_______
                                    O\
⇨ http server started on [::]:1323
method=GET, uri=/v1/rule/all, status=404

   ____    __
  / __/___/ /  ___
 / _// __/ _ \/ _ \
/___/\__/_//_/\___/ v3.2.3
High performance, minimalist Go web framework
https://echo.labstack.com
____________________________________O/_______
                                    O\
⇨ http server started on [::]:1323
method=GET, uri=/v1/rule/all, status=200
method=GET, uri=/v1/rule/all, status=200
method=GET, uri=/v1/rule/all, status=200
method=GET, uri=/v1/rule/all, status=200
method=GET, uri=/v1/rule/all, status=200
method=GET, uri=/v1/rule/all, status=200

   ____    __
  / __/___/ /  ___
 / _// __/ _ \/ _ \
/___/\__/_//_/\___/ v3.2.3
High performance, minimalist Go web framework
https://echo.labstack.com
____________________________________O/_______
                                    O\
⇨ http server started on [::]:1323
method=GET, uri=/alarm/v1/rule/all, status=200
method=GET, uri=/alarm/v1/rule/all, status=200
method=GET, uri=/alarm/v1/rule/all, status=200
method=GET, uri=/alarm/v1/rule/all, status=200
method=GET, uri=/alarm/v1/rule/all, status=200
method=GET, uri=/alarm/v1/rule/all, status=200

   ____    __
  / __/___/ /  ___
 / _// __/ _ \/ _ \
/___/\__/_//_/\___/ v3.2.3
High performance, minimalist Go web framework
https://echo.labstack.com
____________________________________O/_______
                                    O\
⇨ http server started on [::]:1323
method=GET, uri=/alarm/v1/rule/all, status=200
method=GET, uri=/alarm/v1/rule/all, status=200

   ____    __
  / __/___/ /  ___
 / _// __/ _ \/ _ \
/___/\__/_//_/\___/ v3.2.3
High performance, minimalist Go web framework
https://echo.labstack.com
____________________________________O/_______
                                    O\
⇨ http server started on [::]:1323
method=GET, uri=/alarm/v1/rule/all, status=200
method=GET, uri=/alarm/v1/rule/all, status=200
method=GET, uri=/alarm/v1/rule/all, status=200
method=GET, uri=/alarm/v1/rule/all, status=200
method=GET, uri=/alarm/v1/rule/all, status=200

   ____    __
  / __/___/ /  ___
 / _// __/ _ \/ _ \
/___/\__/_//_/\___/ v3.2.3
High performance, minimalist Go web framework
https://echo.labstack.com
____________________________________O/_______
                                    O\
⇨ http server started on [::]:1323

   ____    __
  / __/___/ /  ___
 / _// __/ _ \/ _ \
/___/\__/_//_/\___/ v3.2.3
High performance, minimalist Go web framework
https://echo.labstack.com
____________________________________O/_______
                                    O\
⇨ http server started on [::]:1323
method=GET, uri=/alarm/v1/rule/all, status=200
method=GET, uri=/alarm/v1/rule/all, status=200
method=GET, uri=/alarm/v1/rule/all, status=200

   ____    __
  / __/___/ /  ___
 / _// __/ _ \/ _ \
/___/\__/_//_/\___/ v3.2.3
High performance, minimalist Go web framework
https://echo.labstack.com
____________________________________O/_______
                                    O\
⇨ http server started on [::]:1323
method=GET, uri=/alarm/v1/rule/all, status=200
method=GET, uri=/alarm/v1/rule/all, status=502
method=GET, uri=/alarm/v1/rule/all, status=200
method=GET, uri=/alarm/v1/rule/all, status=502
method=GET, uri=/alarm/v1/rule/all, status=200

   ____    __
  / __/___/ /  ___
 / _// __/ _ \/ _ \
/___/\__/_//_/\___/ v3.2.3
High performance, minimalist Go web framework
https://echo.labstack.com
____________________________________O/_______
                                    O\
⇨ http server started on [::]:1323
method=GET, uri=/v1/rule/all, status=404
method=GET, uri=/v1/rule/all, status=502
method=GET, uri=/v1/rule/all, status=404

   ____    __
  / __/___/ /  ___
 / _// __/ _ \/ _ \
/___/\__/_//_/\___/ v3.2.3
High performance, minimalist Go web framework
https://echo.labstack.com
____________________________________O/_______
                                    O\
⇨ http server started on [::]:1323
method=GET, uri=/alarm/v1/rule/all, status=200
method=GET, uri=/alarm/v1/rule/all, status=502
method=GET, uri=/alarm/v1/rule/all, status=200
method=GET, uri=/alarm/v1/rule/all, status=502

   ____    __
  / __/___/ /  ___
 / _// __/ _ \/ _ \
/___/\__/_//_/\___/ v3.2.3
High performance, minimalist Go web framework
https://echo.labstack.com
____________________________________O/_______
                                    O\
⇨ http server started on [::]:1323

   ____    __
  / __/___/ /  ___
 / _// __/ _ \/ _ \
/___/\__/_//_/\___/ v3.2.3
High performance, minimalist Go web framework
https://echo.labstack.com
____________________________________O/_______
                                    O\
⇨ http server started on [::]:1323

   ____    __
  / __/___/ /  ___
 / _// __/ _ \/ _ \
/___/\__/_//_/\___/ v3.2.3
High performance, minimalist Go web framework
https://echo.labstack.com
____________________________________O/_______
                                    O\
⇨ http server started on [::]:1323

   ____    __
  / __/___/ /  ___
 / _// __/ _ \/ _ \
/___/\__/_//_/\___/ v3.2.3
High performance, minimalist Go web framework
https://echo.labstack.com
____________________________________O/_______
                                    O\
⇨ http server started on [::]:1323
method=GET, uri=/alarm/v1/rule/all, status=200
method=GET, uri=/alarm/v1/rule/all, status=502
method=GET, uri=/alarm/v1/rule/all, status=200

   ____    __
  / __/___/ /  ___
 / _// __/ _ \/ _ \
/___/\__/_//_/\___/ v3.2.3
High performance, minimalist Go web framework
https://echo.labstack.com
____________________________________O/_______
                                    O\
⇨ http server started on [::]:1323
method=GET, uri=/alarm/v1/rule/all, status=200
method=GET, uri=/alarm/v1/rule/all, status=502

   ____    __
  / __/___/ /  ___
 / _// __/ _ \/ _ \
/___/\__/_//_/\___/ v3.2.3
High performance, minimalist Go web framework
https://echo.labstack.com
____________________________________O/_______
                                    O\
⇨ http server started on [::]:1323
method=GET, uri=/alarm/user, status=404
method=GET, uri=/alarm/user, status=502
method=GET, uri=/user, status=404

   ____    __
  / __/___/ /  ___
 / _// __/ _ \/ _ \
/___/\__/_//_/\___/ v3.2.3
High performance, minimalist Go web framework
https://echo.labstack.com
____________________________________O/_______
                                    O\
⇨ http server started on [::]:1323
method=GET, uri=/alarm/user, status=404

   ____    __
  / __/___/ /  ___
 / _// __/ _ \/ _ \
/___/\__/_//_/\___/ v3.2.3
High performance, minimalist Go web framework
https://echo.labstack.com
____________________________________O/_______
                                    O\
⇨ http server started on [::]:1323
method=GET, uri=/alarm/test, status=200

   ____    __
  / __/___/ /  ___
 / _// __/ _ \/ _ \
/___/\__/_//_/\___/ v3.2.3
High performance, minimalist Go web framework
https://echo.labstack.com
____________________________________O/_______
                                    O\
⇨ http server started on [::]:1323

   ____    __
  / __/___/ /  ___
 / _// __/ _ \/ _ \
/___/\__/_//_/\___/ v3.2.3
High performance, minimalist Go web framework
https://echo.labstack.com
____________________________________O/_______
                                    O\
⇨ http server started on [::]:1323
method=GET, uri=/alarm/test, status=200
method=GET, uri=/alarm/test, status=200

   ____    __
  / __/___/ /  ___
 / _// __/ _ \/ _ \
/___/\__/_//_/\___/ v3.2.3
High performance, minimalist Go web framework
https://echo.labstack.com
____________________________________O/_______
                                    O\
⇨ http server started on [::]:1323
method=GET, uri=/alarm/test, status=200
method=GET, uri=/alarm/test, status=200
method=GET, uri=/alarm/test, status=200

   ____    __
  / __/___/ /  ___
 / _// __/ _ \/ _ \
/___/\__/_//_/\___/ v3.2.3
High performance, minimalist Go web framework
https://echo.labstack.com
____________________________________O/_______
                                    O\
⇨ http server started on [::]:1323
method=GET, uri=/alarm/test, status=200
method=GET, uri=/alarm/user, status=404
method=GET, uri=/alarm/v1/rule/all, status=502
method=GET, uri=/alarm/v1/rule/all, status=200
method=GET, uri=/alarm/v1/rule/all, status=502
method=GET, uri=/alarm/v1/rule/all, status=200
method=GET, uri=/alarm/v1/rule/all, status=502
method=GET, uri=/alarm/v1/rule/all, status=200
method=GET, uri=/alarm/v1/rule/all, status=502
method=GET, uri=/alarm/v1/rule/all, status=200
method=GET, uri=/alarm/v1/rule/all, status=502
method=GET, uri=/alarm/v1/rule/all, status=200
method=GET, uri=/alarm/test, status=200

   ____    __
  / __/___/ /  ___
 / _// __/ _ \/ _ \
/___/\__/_//_/\___/ v3.2.3
High performance, minimalist Go web framework
https://echo.labstack.com
____________________________________O/_______
                                    O\
⇨ http server started on [::]:1323

   ____    __
  / __/___/ /  ___
 / _// __/ _ \/ _ \
/___/\__/_//_/\___/ v3.2.3
High performance, minimalist Go web framework
https://echo.labstack.com
____________________________________O/_______
                                    O\
⇨ http server started on [::]:1323
method=GET, uri=/alarm/test, status=200
method=GET, uri=/api/proxy/cdnboss/alarm/v1/rule/all, status=404
method=GET, uri=/alarm/v1/rule/all, status=404
method=GET, uri=/alarm/v1/rule/all, status=404
method=GET, uri=/alarm/v1/rule/all, status=404
method=GET, uri=/alarm/v1/rule/all, status=404

   ____    __
  / __/___/ /  ___
 / _// __/ _ \/ _ \
/___/\__/_//_/\___/ v3.2.3
High performance, minimalist Go web framework
https://echo.labstack.com
____________________________________O/_______
                                    O\
⇨ http server started on [::]:1323
method=GET, uri=/alarm/v1/rule/all, status=200
method=GET, uri=/alarm/v1/rule/all, status=502
method=GET, uri=/alarm/v1/rule/all, status=200

   ____    __
  / __/___/ /  ___
 / _// __/ _ \/ _ \
/___/\__/_//_/\___/ v3.2.3
High performance, minimalist Go web framework
https://echo.labstack.com
____________________________________O/_______
                                    O\
⇨ http server started on [::]:1323
method=GET, uri=/alarm/v1/rule/all, status=200

   ____    __
  / __/___/ /  ___
 / _// __/ _ \/ _ \
/___/\__/_//_/\___/ v3.2.3
High performance, minimalist Go web framework
https://echo.labstack.com
____________________________________O/_______
                                    O\
⇨ http server started on [::]:1323

   ____    __
  / __/___/ /  ___
 / _// __/ _ \/ _ \
/___/\__/_//_/\___/ v3.2.3
High performance, minimalist Go web framework
https://echo.labstack.com
____________________________________O/_______
                                    O\
⇨ http server started on [::]:1323

   ____    __
  / __/___/ /  ___
 / _// __/ _ \/ _ \
/___/\__/_//_/\___/ v3.2.3
High performance, minimalist Go web framework
https://echo.labstack.com
____________________________________O/_______
                                    O\
⇨ http server started on [::]:1323
method=GET, uri=/alarm/v1/rule/all, status=200
method=GET, uri=/alarm/v1/rule/all, status=502
method=GET, uri=/alarm/test, status=200

   ____    __
  / __/___/ /  ___
 / _// __/ _ \/ _ \
/___/\__/_//_/\___/ v3.2.3
High performance, minimalist Go web framework
https://echo.labstack.com
____________________________________O/_______
                                    O\
⇨ http server started on [::]:1323

   ____    __
  / __/___/ /  ___
 / _// __/ _ \/ _ \
/___/\__/_//_/\___/ v3.2.3
High performance, minimalist Go web framework
https://echo.labstack.com
____________________________________O/_______
                                    O\
⇨ http server started on [::]:1323
method=POST, uri=/api/v1/admin/common/platforms, status=400
method=POST, uri=/api/v1/admin/common/platforms, status=200

   ____    __
  / __/___/ /  ___
 / _// __/ _ \/ _ \
/___/\__/_//_/\___/ v3.2.3
High performance, minimalist Go web framework
https://echo.labstack.com
____________________________________O/_______
                                    O\
⇨ http server started on [::]:1323
method=GET, uri=/alarm/test, status=200
method=POST, uri=/alarm/test, status=200
method=PUT, uri=/alarm/test, status=200
method=DELETE, uri=/alarm/test, status=200
method=GET, uri=/alarm/test, status=200

   ____    __
  / __/___/ /  ___
 / _// __/ _ \/ _ \
/___/\__/_//_/\___/ v3.2.3
High performance, minimalist Go web framework
https://echo.labstack.com
____________________________________O/_______
                                    O\
⇨ http server started on [::]:1323

   ____    __
  / __/___/ /  ___
 / _// __/ _ \/ _ \
/___/\__/_//_/\___/ v3.2.3
High performance, minimalist Go web framework
https://echo.labstack.com
____________________________________O/_______
                                    O\
⇨ http server started on [::]:1323
method=GET, uri=/alarm/test, status=200
method=GET, uri=/alarm/test, status=200
method=POST, uri=/alarm/test, status=200
method=PUT, uri=/alarm/test, status=200
method=DELETE, uri=/alarm/test, status=200
method=GET, uri=/api/proxy/cdnboss/alarm/v1/rule/all, status=404
method=GET, uri=/api/proxy/cdnboss/alarm/v1/rule/all, status=404
method=GET, uri=/alarm/v1/rule/all, status=200
method=GET, uri=/alarms/v1/rule/all, status=404
method=GET, uri=/alarm/v1/rule/all, status=502
method=GET, uri=/alarm/v1/rule/all, status=200
method=GET, uri=/alarm/v1/rule/all, status=502
method=GET, uri=/alarm/v1/rule/all, status=200

   ____    __
  / __/___/ /  ___
 / _// __/ _ \/ _ \
/___/\__/_//_/\___/ v3.2.3
High performance, minimalist Go web framework
https://echo.labstack.com
____________________________________O/_______
                                    O\
⇨ http server started on [::]:1323

   ____    __
  / __/___/ /  ___
 / _// __/ _ \/ _ \
/___/\__/_//_/\___/ v3.2.3
High performance, minimalist Go web framework
https://echo.labstack.com
____________________________________O/_______
                                    O\
⇨ http server started on [::]:1323

   ____    __
  / __/___/ /  ___
 / _// __/ _ \/ _ \
/___/\__/_//_/\___/ v3.2.3
High performance, minimalist Go web framework
https://echo.labstack.com
____________________________________O/_______
                                    O\
⇨ http server started on [::]:1323

   ____    __
  / __/___/ /  ___
 / _// __/ _ \/ _ \
/___/\__/_//_/\___/ v3.2.3
High performance, minimalist Go web framework
https://echo.labstack.com
____________________________________O/_______
                                    O\
⇨ http server started on [::]:1323

   ____    __
  / __/___/ /  ___
 / _// __/ _ \/ _ \
/___/\__/_//_/\___/ v3.2.3
High performance, minimalist Go web framework
https://echo.labstack.com
____________________________________O/_______
                                    O\
⇨ http server started on [::]:1323

   ____    __
  / __/___/ /  ___
 / _// __/ _ \/ _ \
/___/\__/_//_/\___/ v3.2.3
High performance, minimalist Go web framework
https://echo.labstack.com
____________________________________O/_______
                                    O\
⇨ http server started on [::]:1323

   ____    __
  / __/___/ /  ___
 / _// __/ _ \/ _ \
/___/\__/_//_/\___/ v3.2.3
High performance, minimalist Go web framework
https://echo.labstack.com
____________________________________O/_______
                                    O\
⇨ http server started on [::]:1323

   ____    __
  / __/___/ /  ___
 / _// __/ _ \/ _ \
/___/\__/_//_/\___/ v3.2.3
High performance, minimalist Go web framework
https://echo.labstack.com
____________________________________O/_______
                                    O\
⇨ http server started on [::]:1323

   ____    __
  / __/___/ /  ___
 / _// __/ _ \/ _ \
/___/\__/_//_/\___/ v3.2.3
High performance, minimalist Go web framework
https://echo.labstack.com
____________________________________O/_______
                                    O\
⇨ http server started on [::]:1323

   ____    __
  / __/___/ /  ___
 / _// __/ _ \/ _ \
/___/\__/_//_/\___/ v3.2.3
High performance, minimalist Go web framework
https://echo.labstack.com
____________________________________O/_______
                                    O\
⇨ http server started on [::]:1323

   ____    __
  / __/___/ /  ___
 / _// __/ _ \/ _ \
/___/\__/_//_/\___/ v3.2.3
High performance, minimalist Go web framework
https://echo.labstack.com
____________________________________O/_______
                                    O\
⇨ http server started on [::]:1323

   ____    __
  / __/___/ /  ___
 / _// __/ _ \/ _ \
/___/\__/_//_/\___/ v3.2.3
High performance, minimalist Go web framework
https://echo.labstack.com
____________________________________O/_______
                                    O\
⇨ http server started on [::]:1323

   ____    __
  / __/___/ /  ___
 / _// __/ _ \/ _ \
/___/\__/_//_/\___/ v3.2.3
High performance, minimalist Go web framework
https://echo.labstack.com
____________________________________O/_______
                                    O\
⇨ http server started on [::]:1323

   ____    __
  / __/___/ /  ___
 / _// __/ _ \/ _ \
/___/\__/_//_/\___/ v3.2.3
High performance, minimalist Go web framework
https://echo.labstack.com
____________________________________O/_______
                                    O\
⇨ http server started on [::]:1323

   ____    __
  / __/___/ /  ___
 / _// __/ _ \/ _ \
/___/\__/_//_/\___/ v3.2.3
High performance, minimalist Go web framework
https://echo.labstack.com
____________________________________O/_______
                                    O\
⇨ http server started on [::]:1323

   ____    __
  / __/___/ /  ___
 / _// __/ _ \/ _ \
/___/\__/_//_/\___/ v3.2.3
High performance, minimalist Go web framework
https://echo.labstack.com
____________________________________O/_______
                                    O\
⇨ http server started on [::]:1323

   ____    __
  / __/___/ /  ___
 / _// __/ _ \/ _ \
/___/\__/_//_/\___/ v3.2.3
High performance, minimalist Go web framework
https://echo.labstack.com
____________________________________O/_______
                                    O\
⇨ http server started on [::]:1323

   ____    __
  / __/___/ /  ___
 / _// __/ _ \/ _ \
/___/\__/_//_/\___/ v3.2.3
High performance, minimalist Go web framework
https://echo.labstack.com
____________________________________O/_______
                                    O\
⇨ http server started on [::]:1323

   ____    __
  / __/___/ /  ___
 / _// __/ _ \/ _ \
/___/\__/_//_/\___/ v3.2.3
High performance, minimalist Go web framework
https://echo.labstack.com
____________________________________O/_______
                                    O\
⇨ http server started on [::]:1323

   ____    __
  / __/___/ /  ___
 / _// __/ _ \/ _ \
/___/\__/_//_/\___/ v3.2.3
High performance, minimalist Go web framework
https://echo.labstack.com
____________________________________O/_______
                                    O\
⇨ http server started on [::]:1323

   ____    __
  / __/___/ /  ___
 / _// __/ _ \/ _ \
/___/\__/_//_/\___/ v3.2.3
High performance, minimalist Go web framework
https://echo.labstack.com
____________________________________O/_______
                                    O\
⇨ http server started on [::]:1323

   ____    __
  / __/___/ /  ___
 / _// __/ _ \/ _ \
/___/\__/_//_/\___/ v3.2.3
High performance, minimalist Go web framework
https://echo.labstack.com
____________________________________O/_______
                                    O\
⇨ http server started on [::]:1323

   ____    __
  / __/___/ /  ___
 / _// __/ _ \/ _ \
/___/\__/_//_/\___/ v3.2.3
High performance, minimalist Go web framework
https://echo.labstack.com
____________________________________O/_______
                                    O\
⇨ http server started on [::]:1323

   ____    __
  / __/___/ /  ___
 / _// __/ _ \/ _ \
/___/\__/_//_/\___/ v3.2.3
High performance, minimalist Go web framework
https://echo.labstack.com
____________________________________O/_______
                                    O\
⇨ http server started on [::]:1323

   ____    __
  / __/___/ /  ___
 / _// __/ _ \/ _ \
/___/\__/_//_/\___/ v3.2.3
High performance, minimalist Go web framework
https://echo.labstack.com
____________________________________O/_______
                                    O\
⇨ http server started on [::]:1323

   ____    __
  / __/___/ /  ___
 / _// __/ _ \/ _ \
/___/\__/_//_/\___/ v3.2.3
High performance, minimalist Go web framework
https://echo.labstack.com
____________________________________O/_______
                                    O\
⇨ http server started on [::]:1323

   ____    __
  / __/___/ /  ___
 / _// __/ _ \/ _ \
/___/\__/_//_/\___/ v3.2.3
High performance, minimalist Go web framework
https://echo.labstack.com
____________________________________O/_______
                                    O\
⇨ http server started on [::]:1323

   ____    __
  / __/___/ /  ___
 / _// __/ _ \/ _ \
/___/\__/_//_/\___/ v3.2.3
High performance, minimalist Go web framework
https://echo.labstack.com
____________________________________O/_______
                                    O\
⇨ http server started on [::]:1323
